# JRE version: OpenJDK Runtime Environment Temurin-21.0.5+11 (21.0.5+11) (build 21.0.5+11-LTS)
# Java VM: OpenJDK 64-Bit Server VM Temurin-21.0.5+11 (21.0.5+11-LTS, mixed mode, sharing, tiered, compressed oops, compressed class ptrs, parallel gc, windows-amd64)
GC Precious Log:
 CardTable entry size: 512
 CPUs: 12 total, 12 available
 Memory: 3423M
 Large Page Support: Disabled
 NUMA Support: Disabled
 Compressed Oops: Enabled (32-bit)
 Alignments: Space 512K, Generation 512K, Heap 2M
 Heap Min Capacity: 100M
 Heap Initial Capacity: 100M
 Heap Max Capacity: 1G
 Pre-touch: Disabled
 Parallel Workers: 10
Heap:
 PSYoungGen      total 25600K, used 7021K [0x00000000eab00000, 0x00000000ec980000, 0x0000000100000000)
  eden space 22016K, 21% used [0x00000000eab00000,0x00000000eafbac40,0x00000000ec080000)
  from space 3584K, 60% used [0x00000000ec280000,0x00000000ec4a0810,0x00000000ec600000)
  to   space 2560K, 0% used [0x00000000ec700000,0x00000000ec700000,0x00000000ec980000)
 ParOldGen       total 68608K, used 36808K [0x00000000c0000000, 0x00000000c4300000, 0x00000000eab00000)
  object space 68608K, 53% used [0x00000000c0000000,0x00000000c23f2308,0x00000000c4300000)
 Metaspace       used 48618K, committed 49856K, reserved 1114112K
  class space    used 5133K, committed 5632K, reserved 1048576K
GC Heap History (20 events):
Event: 5.690 GC heap before
{Heap before GC invocations=15 (full 2):
 PSYoungGen      total 26112K, used 960K [0x00000000eab00000, 0x00000000ec680000, 0x0000000100000000)
  eden space 22016K, 0% used [0x00000000eab00000,0x00000000eab00000,0x00000000ec080000)
  from space 4096K, 23% used [0x00000000ec080000,0x00000000ec170000,0x00000000ec480000)
  to   space 2048K, 0% used [0x00000000ec480000,0x00000000ec480000,0x00000000ec680000)
 ParOldGen       total 68608K, used 20182K [0x00000000c0000000, 0x00000000c4300000, 0x00000000eab00000)
  object space 68608K, 29% used [0x00000000c0000000,0x00000000c13b5888,0x00000000c4300000)
 Metaspace       used 34654K, committed 35840K, reserved 1114112K
  class space    used 3443K, committed 3904K, reserved 1048576K
}
Event: 5.722 GC heap after
{Heap after GC invocations=15 (full 2):
 PSYoungGen      total 26112K, used 0K [0x00000000eab00000, 0x00000000ec680000, 0x0000000100000000)
  eden space 22016K, 0% used [0x00000000eab00000,0x00000000eab00000,0x00000000ec080000)
  from space 4096K, 0% used [0x00000000ec080000,0x00000000ec080000,0x00000000ec480000)
  to   space 2048K, 0% used [0x00000000ec480000,0x00000000ec480000,0x00000000ec680000)
 ParOldGen       total 68608K, used 20232K [0x00000000c0000000, 0x00000000c4300000, 0x00000000eab00000)
  object space 68608K, 29% used [0x00000000c0000000,0x00000000c13c23c0,0x00000000c4300000)
 Metaspace       used 34654K, committed 35840K, reserved 1114112K
  class space    used 3443K, committed 3904K, reserved 1048576K
}
Event: 5.892 GC heap before
{Heap before GC invocations=16 (full 2):
 PSYoungGen      total 26112K, used 22016K [0x00000000eab00000, 0x00000000ec680000, 0x0000000100000000)
  eden space 22016K, 100% used [0x00000000eab00000,0x00000000ec080000,0x00000000ec080000)
  from space 4096K, 0% used [0x00000000ec080000,0x00000000ec080000,0x00000000ec480000)
  to   space 2048K, 0% used [0x00000000ec480000,0x00000000ec480000,0x00000000ec680000)
 ParOldGen       total 68608K, used 20232K [0x00000000c0000000, 0x00000000c4300000, 0x00000000eab00000)
  object space 68608K, 29% used [0x00000000c0000000,0x00000000c13c23c0,0x00000000c4300000)
 Metaspace       used 37051K, committed 38272K, reserved 1114112K
  class space    used 3757K, committed 4288K, reserved 1048576K
}
Event: 5.895 GC heap after
{Heap after GC invocations=16 (full 2):
 PSYoungGen      total 24064K, used 2047K [0x00000000eab00000, 0x00000000ec680000, 0x0000000100000000)
  eden space 22016K, 0% used [0x00000000eab00000,0x00000000eab00000,0x00000000ec080000)
  from space 2048K, 99% used [0x00000000ec480000,0x00000000ec67fcb0,0x00000000ec680000)
  to   space 3072K, 0% used [0x00000000ec080000,0x00000000ec080000,0x00000000ec380000)
 ParOldGen       total 68608K, used 20790K [0x00000000c0000000, 0x00000000c4300000, 0x00000000eab00000)
  object space 68608K, 30% used [0x00000000c0000000,0x00000000c144da00,0x00000000c4300000)
 Metaspace       used 37051K, committed 38272K, reserved 1114112K
  class space    used 3757K, committed 4288K, reserved 1048576K
}
Event: 6.030 GC heap before
{Heap before GC invocations=17 (full 2):
 PSYoungGen      total 24064K, used 24063K [0x00000000eab00000, 0x00000000ec680000, 0x0000000100000000)
  eden space 22016K, 100% used [0x00000000eab00000,0x00000000ec080000,0x00000000ec080000)
  from space 2048K, 99% used [0x00000000ec480000,0x00000000ec67fcb0,0x00000000ec680000)
  to   space 3072K, 0% used [0x00000000ec080000,0x00000000ec080000,0x00000000ec380000)
 ParOldGen       total 68608K, used 20790K [0x00000000c0000000, 0x00000000c4300000, 0x00000000eab00000)
  object space 68608K, 30% used [0x00000000c0000000,0x00000000c144da00,0x00000000c4300000)
 Metaspace       used 37860K, committed 38976K, reserved 1114112K
  class space    used 3862K, committed 4352K, reserved 1048576K
}
Event: 6.037 GC heap after
{Heap after GC invocations=17 (full 2):
 PSYoungGen      total 25088K, used 3057K [0x00000000eab00000, 0x00000000ed580000, 0x0000000100000000)
  eden space 22016K, 0% used [0x00000000eab00000,0x00000000eab00000,0x00000000ec080000)
  from space 3072K, 99% used [0x00000000ec080000,0x00000000ec37c710,0x00000000ec380000)
  to   space 10752K, 0% used [0x00000000ecb00000,0x00000000ecb00000,0x00000000ed580000)
 ParOldGen       total 68608K, used 26967K [0x00000000c0000000, 0x00000000c4300000, 0x00000000eab00000)
  object space 68608K, 39% used [0x00000000c0000000,0x00000000c1a55db8,0x00000000c4300000)
 Metaspace       used 37860K, committed 38976K, reserved 1114112K
  class space    used 3862K, committed 4352K, reserved 1048576K
}
Event: 6.232 GC heap before
{Heap before GC invocations=18 (full 2):
 PSYoungGen      total 25088K, used 25073K [0x00000000eab00000, 0x00000000ed580000, 0x0000000100000000)
  eden space 22016K, 100% used [0x00000000eab00000,0x00000000ec080000,0x00000000ec080000)
  from space 3072K, 99% used [0x00000000ec080000,0x00000000ec37c710,0x00000000ec380000)
  to   space 10752K, 0% used [0x00000000ecb00000,0x00000000ecb00000,0x00000000ed580000)
 ParOldGen       total 68608K, used 26967K [0x00000000c0000000, 0x00000000c4300000, 0x00000000eab00000)
  object space 68608K, 39% used [0x00000000c0000000,0x00000000c1a55db8,0x00000000c4300000)
 Metaspace       used 40105K, committed 41344K, reserved 1114112K
  class space    used 4136K, committed 4672K, reserved 1048576K
}
Event: 6.236 GC heap after
{Heap after GC invocations=18 (full 2):
 PSYoungGen      total 23040K, used 864K [0x00000000eab00000, 0x00000000ecc00000, 0x0000000100000000)
  eden space 22016K, 0% used [0x00000000eab00000,0x00000000eab00000,0x00000000ec080000)
  from space 1024K, 84% used [0x00000000ecb00000,0x00000000ecbd8000,0x00000000ecc00000)
  to   space 4096K, 0% used [0x00000000ec400000,0x00000000ec400000,0x00000000ec800000)
 ParOldGen       total 68608K, used 30037K [0x00000000c0000000, 0x00000000c4300000, 0x00000000eab00000)
  object space 68608K, 43% used [0x00000000c0000000,0x00000000c1d556b0,0x00000000c4300000)
 Metaspace       used 40105K, committed 41344K, reserved 1114112K
  class space    used 4136K, committed 4672K, reserved 1048576K
}
Event: 6.580 GC heap before
{Heap before GC invocations=19 (full 2):
 PSYoungGen      total 23040K, used 22880K [0x00000000eab00000, 0x00000000ecc00000, 0x0000000100000000)
  eden space 22016K, 100% used [0x00000000eab00000,0x00000000ec080000,0x00000000ec080000)
  from space 1024K, 84% used [0x00000000ecb00000,0x00000000ecbd8000,0x00000000ecc00000)
  to   space 4096K, 0% used [0x00000000ec400000,0x00000000ec400000,0x00000000ec800000)
 ParOldGen       total 68608K, used 30037K [0x00000000c0000000, 0x00000000c4300000, 0x00000000eab00000)
  object space 68608K, 43% used [0x00000000c0000000,0x00000000c1d556b0,0x00000000c4300000)
 Metaspace       used 42761K, committed 44032K, reserved 1114112K
  class space    used 4488K, committed 5056K, reserved 1048576K
}
Event: 6.583 GC heap after
{Heap after GC invocations=19 (full 2):
 PSYoungGen      total 26112K, used 1472K [0x00000000eab00000, 0x00000000ecb80000, 0x0000000100000000)
  eden space 22016K, 0% used [0x00000000eab00000,0x00000000eab00000,0x00000000ec080000)
  from space 4096K, 35% used [0x00000000ec400000,0x00000000ec570000,0x00000000ec800000)
  to   space 2048K, 0% used [0x00000000ec980000,0x00000000ec980000,0x00000000ecb80000)
 ParOldGen       total 68608K, used 30701K [0x00000000c0000000, 0x00000000c4300000, 0x00000000eab00000)
  object space 68608K, 44% used [0x00000000c0000000,0x00000000c1dfb6b0,0x00000000c4300000)
 Metaspace       used 42761K, committed 44032K, reserved 1114112K
  class space    used 4488K, committed 5056K, reserved 1048576K
}
Event: 7.579 GC heap before
{Heap before GC invocations=20 (full 2):
 PSYoungGen      total 26112K, used 23488K [0x00000000eab00000, 0x00000000ecb80000, 0x0000000100000000)
  eden space 22016K, 100% used [0x00000000eab00000,0x00000000ec080000,0x00000000ec080000)
  from space 4096K, 35% used [0x00000000ec400000,0x00000000ec570000,0x00000000ec800000)
  to   space 2048K, 0% used [0x00000000ec980000,0x00000000ec980000,0x00000000ecb80000)
 ParOldGen       total 68608K, used 30701K [0x00000000c0000000, 0x00000000c4300000, 0x00000000eab00000)
  object space 68608K, 44% used [0x00000000c0000000,0x00000000c1dfb6b0,0x00000000c4300000)
 Metaspace       used 45402K, committed 46656K, reserved 1114112K
  class space    used 4816K, committed 5376K, reserved 1048576K
}
Event: 7.584 GC heap after
{Heap after GC invocations=20 (full 2):
 PSYoungGen      total 24064K, used 1561K [0x00000000eab00000, 0x00000000ecb80000, 0x0000000100000000)
  eden space 22016K, 0% used [0x00000000eab00000,0x00000000eab00000,0x00000000ec080000)
  from space 2048K, 76% used [0x00000000ec980000,0x00000000ecb06580,0x00000000ecb80000)
  to   space 2048K, 0% used [0x00000000ec780000,0x00000000ec780000,0x00000000ec980000)
 ParOldGen       total 68608K, used 31957K [0x00000000c0000000, 0x00000000c4300000, 0x00000000eab00000)
  object space 68608K, 46% used [0x00000000c0000000,0x00000000c1f356e0,0x00000000c4300000)
 Metaspace       used 45402K, committed 46656K, reserved 1114112K
  class space    used 4816K, committed 5376K, reserved 1048576K
}
Event: 8.354 GC heap before
{Heap before GC invocations=21 (full 2):
 PSYoungGen      total 24064K, used 23577K [0x00000000eab00000, 0x00000000ecb80000, 0x0000000100000000)
  eden space 22016K, 100% used [0x00000000eab00000,0x00000000ec080000,0x00000000ec080000)
  from space 2048K, 76% used [0x00000000ec980000,0x00000000ecb06580,0x00000000ecb80000)
  to   space 2048K, 0% used [0x00000000ec780000,0x00000000ec780000,0x00000000ec980000)
 ParOldGen       total 68608K, used 31957K [0x00000000c0000000, 0x00000000c4300000, 0x00000000eab00000)
  object space 68608K, 46% used [0x00000000c0000000,0x00000000c1f356e0,0x00000000c4300000)
 Metaspace       used 46165K, committed 47360K, reserved 1114112K
  class space    used 4888K, committed 5376K, reserved 1048576K
}
Event: 8.358 GC heap after
{Heap after GC invocations=21 (full 2):
 PSYoungGen      total 22528K, used 480K [0x00000000eab00000, 0x00000000eca00000, 0x0000000100000000)
  eden space 22016K, 0% used [0x00000000eab00000,0x00000000eab00000,0x00000000ec080000)
  from space 512K, 93% used [0x00000000ec780000,0x00000000ec7f8000,0x00000000ec800000)
  to   space 1024K, 0% used [0x00000000ec900000,0x00000000ec900000,0x00000000eca00000)
 ParOldGen       total 68608K, used 33248K [0x00000000c0000000, 0x00000000c4300000, 0x00000000eab00000)
  object space 68608K, 48% used [0x00000000c0000000,0x00000000c2078080,0x00000000c4300000)
 Metaspace       used 46165K, committed 47360K, reserved 1114112K
  class space    used 4888K, committed 5376K, reserved 1048576K
}
Event: 8.629 GC heap before
{Heap before GC invocations=22 (full 2):
 PSYoungGen      total 22528K, used 22496K [0x00000000eab00000, 0x00000000eca00000, 0x0000000100000000)
  eden space 22016K, 100% used [0x00000000eab00000,0x00000000ec080000,0x00000000ec080000)
  from space 512K, 93% used [0x00000000ec780000,0x00000000ec7f8000,0x00000000ec800000)
  to   space 1024K, 0% used [0x00000000ec900000,0x00000000ec900000,0x00000000eca00000)
 ParOldGen       total 68608K, used 33248K [0x00000000c0000000, 0x00000000c4300000, 0x00000000eab00000)
  object space 68608K, 48% used [0x00000000c0000000,0x00000000c2078080,0x00000000c4300000)
 Metaspace       used 46278K, committed 47488K, reserved 1114112K
  class space    used 4910K, committed 5440K, reserved 1048576K
}
Event: 8.630 GC heap after
{Heap after GC invocations=22 (full 2):
 PSYoungGen      total 23040K, used 576K [0x00000000eab00000, 0x00000000eca00000, 0x0000000100000000)
  eden space 22016K, 0% used [0x00000000eab00000,0x00000000eab00000,0x00000000ec080000)
  from space 1024K, 56% used [0x00000000ec900000,0x00000000ec990000,0x00000000eca00000)
  to   space 1024K, 0% used [0x00000000ec800000,0x00000000ec800000,0x00000000ec900000)
 ParOldGen       total 68608K, used 33595K [0x00000000c0000000, 0x00000000c4300000, 0x00000000eab00000)
  object space 68608K, 48% used [0x00000000c0000000,0x00000000c20ced00,0x00000000c4300000)
 Metaspace       used 46278K, committed 47488K, reserved 1114112K
  class space    used 4910K, committed 5440K, reserved 1048576K
}
Event: 9.179 GC heap before
{Heap before GC invocations=23 (full 2):
 PSYoungGen      total 23040K, used 22592K [0x00000000eab00000, 0x00000000eca00000, 0x0000000100000000)
  eden space 22016K, 100% used [0x00000000eab00000,0x00000000ec080000,0x00000000ec080000)
  from space 1024K, 56% used [0x00000000ec900000,0x00000000ec990000,0x00000000eca00000)
  to   space 1024K, 0% used [0x00000000ec800000,0x00000000ec800000,0x00000000ec900000)
 ParOldGen       total 68608K, used 33595K [0x00000000c0000000, 0x00000000c4300000, 0x00000000eab00000)
  object space 68608K, 48% used [0x00000000c0000000,0x00000000c20ced00,0x00000000c4300000)
 Metaspace       used 47956K, committed 49152K, reserved 1114112K
  class space    used 5067K, committed 5568K, reserved 1048576K
}
Event: 9.183 GC heap after
{Heap after GC invocations=23 (full 2):
 PSYoungGen      total 23040K, used 1016K [0x00000000eab00000, 0x00000000ec980000, 0x0000000100000000)
  eden space 22016K, 0% used [0x00000000eab00000,0x00000000eab00000,0x00000000ec080000)
  from space 1024K, 99% used [0x00000000ec800000,0x00000000ec8fe1a8,0x00000000ec900000)
  to   space 512K, 0% used [0x00000000ec900000,0x00000000ec900000,0x00000000ec980000)
 ParOldGen       total 68608K, used 33915K [0x00000000c0000000, 0x00000000c4300000, 0x00000000eab00000)
  object space 68608K, 49% used [0x00000000c0000000,0x00000000c211ed00,0x00000000c4300000)
 Metaspace       used 47956K, committed 49152K, reserved 1114112K
  class space    used 5067K, committed 5568K, reserved 1048576K
}
Event: 9.416 GC heap before
{Heap before GC invocations=24 (full 2):
 PSYoungGen      total 23040K, used 23032K [0x00000000eab00000, 0x00000000ec980000, 0x0000000100000000)
  eden space 22016K, 100% used [0x00000000eab00000,0x00000000ec080000,0x00000000ec080000)
  from space 1024K, 99% used [0x00000000ec800000,0x00000000ec8fe1a8,0x00000000ec900000)
  to   space 512K, 0% used [0x00000000ec900000,0x00000000ec900000,0x00000000ec980000)
 ParOldGen       total 68608K, used 33915K [0x00000000c0000000, 0x00000000c4300000, 0x00000000eab00000)
  object space 68608K, 49% used [0x00000000c0000000,0x00000000c211ed00,0x00000000c4300000)
 Metaspace       used 48509K, committed 49728K, reserved 1114112K
  class space    used 5126K, committed 5632K, reserved 1048576K
}
Event: 9.421 GC heap after
{Heap after GC invocations=24 (full 2):
 PSYoungGen      total 22528K, used 480K [0x00000000eab00000, 0x00000000ec980000, 0x0000000100000000)
  eden space 22016K, 0% used [0x00000000eab00000,0x00000000eab00000,0x00000000ec080000)
  from space 512K, 93% used [0x00000000ec900000,0x00000000ec978030,0x00000000ec980000)
  to   space 3584K, 0% used [0x00000000ec280000,0x00000000ec280000,0x00000000ec600000)
 ParOldGen       total 68608K, used 36339K [0x00000000c0000000, 0x00000000c4300000, 0x00000000eab00000)
  object space 68608K, 52% used [0x00000000c0000000,0x00000000c237cf80,0x00000000c4300000)
 Metaspace       used 48509K, committed 49728K, reserved 1114112K
  class space    used 5126K, committed 5632K, reserved 1048576K
}

