# JRE version: OpenJDK Runtime Environment Temurin-21.0.5+11 (21.0.5+11) (build 21.0.5+11-LTS)
# Java VM: OpenJDK 64-Bit Server VM Temurin-21.0.5+11 (21.0.5+11-LTS, mixed mode, sharing, tiered, compressed oops, compressed class ptrs, parallel gc, windows-amd64)
GC Precious Log:
 CardTable entry size: 512
 CPUs: 12 total, 12 available
 Memory: 3423M
 Large Page Support: Disabled
 NUMA Support: Disabled
 Compressed Oops: Enabled (32-bit)
 Alignments: Space 512K, Generation 512K, Heap 2M
 Heap Min Capacity: 100M
 Heap Initial Capacity: 100M
 Heap Max Capacity: 1G
 Pre-touch: Disabled
 Parallel Workers: 10
Heap:
 PSYoungGen      total 23040K, used 3781K [0x00000000eab00000, 0x00000000eca00000, 0x0000000100000000)
  eden space 22016K, 12% used [0x00000000eab00000,0x00000000eadb7430,0x00000000ec080000)
  from space 1024K, 97% used [0x00000000ec900000,0x00000000ec9fa1d8,0x00000000eca00000)
  to   space 2560K, 0% used [0x00000000ec500000,0x00000000ec500000,0x00000000ec780000)
 ParOldGen       total 68608K, used 34257K [0x00000000c0000000, 0x00000000c4300000, 0x00000000eab00000)
  object space 68608K, 49% used [0x00000000c0000000,0x00000000c2174640,0x00000000c4300000)
 Metaspace       used 48429K, committed 49664K, reserved 1114112K
  class space    used 5128K, committed 5632K, reserved 1048576K
GC Heap History (20 events):
Event: 9.927 GC heap before
{Heap before GC invocations=14 (full 1):
 PSYoungGen      total 23552K, used 9866K [0x00000000eab00000, 0x00000000ec700000, 0x0000000100000000)
  eden space 22016K, 37% used [0x00000000eab00000,0x00000000eb326fb0,0x00000000ec080000)
  from space 1536K, 98% used [0x00000000ec580000,0x00000000ec6fbc28,0x00000000ec700000)
  to   space 3072K, 0% used [0x00000000ec100000,0x00000000ec100000,0x00000000ec400000)
 ParOldGen       total 68608K, used 17423K [0x00000000c0000000, 0x00000000c4300000, 0x00000000eab00000)
  object space 68608K, 25% used [0x00000000c0000000,0x00000000c1103c28,0x00000000c4300000)
 Metaspace       used 34766K, committed 35904K, reserved 1114112K
  class space    used 3516K, committed 3968K, reserved 1048576K
}
Event: 9.930 GC heap after
{Heap after GC invocations=14 (full 1):
 PSYoungGen      total 25088K, used 480K [0x00000000eab00000, 0x00000000ec600000, 0x0000000100000000)
  eden space 22016K, 0% used [0x00000000eab00000,0x00000000eab00000,0x00000000ec080000)
  from space 3072K, 15% used [0x00000000ec100000,0x00000000ec178020,0x00000000ec400000)
  to   space 1536K, 0% used [0x00000000ec480000,0x00000000ec480000,0x00000000ec600000)
 ParOldGen       total 68608K, used 18679K [0x00000000c0000000, 0x00000000c4300000, 0x00000000eab00000)
  object space 68608K, 27% used [0x00000000c0000000,0x00000000c123dd08,0x00000000c4300000)
 Metaspace       used 34766K, committed 35904K, reserved 1114112K
  class space    used 3516K, committed 3968K, reserved 1048576K
}
Event: 9.960 GC heap before
{Heap before GC invocations=15 (full 1):
 PSYoungGen      total 25088K, used 3772K [0x00000000eab00000, 0x00000000ec600000, 0x0000000100000000)
  eden space 22016K, 14% used [0x00000000eab00000,0x00000000eae372e8,0x00000000ec080000)
  from space 3072K, 15% used [0x00000000ec100000,0x00000000ec178020,0x00000000ec400000)
  to   space 1536K, 0% used [0x00000000ec480000,0x00000000ec480000,0x00000000ec600000)
 ParOldGen       total 68608K, used 18679K [0x00000000c0000000, 0x00000000c4300000, 0x00000000eab00000)
  object space 68608K, 27% used [0x00000000c0000000,0x00000000c123dd08,0x00000000c4300000)
 Metaspace       used 34988K, committed 36160K, reserved 1114112K
  class space    used 3550K, committed 4032K, reserved 1048576K
}
Event: 9.961 GC heap after
{Heap after GC invocations=15 (full 1):
 PSYoungGen      total 23040K, used 992K [0x00000000eab00000, 0x00000000ec580000, 0x0000000100000000)
  eden space 22016K, 0% used [0x00000000eab00000,0x00000000eab00000,0x00000000ec080000)
  from space 1024K, 96% used [0x00000000ec480000,0x00000000ec578000,0x00000000ec580000)
  to   space 1536K, 0% used [0x00000000ec280000,0x00000000ec280000,0x00000000ec400000)
 ParOldGen       total 68608K, used 18967K [0x00000000c0000000, 0x00000000c4300000, 0x00000000eab00000)
  object space 68608K, 27% used [0x00000000c0000000,0x00000000c1285d28,0x00000000c4300000)
 Metaspace       used 34988K, committed 36160K, reserved 1114112K
  class space    used 3550K, committed 4032K, reserved 1048576K
}
Event: 9.961 GC heap before
{Heap before GC invocations=16 (full 2):
 PSYoungGen      total 23040K, used 992K [0x00000000eab00000, 0x00000000ec580000, 0x0000000100000000)
  eden space 22016K, 0% used [0x00000000eab00000,0x00000000eab00000,0x00000000ec080000)
  from space 1024K, 96% used [0x00000000ec480000,0x00000000ec578000,0x00000000ec580000)
  to   space 1536K, 0% used [0x00000000ec280000,0x00000000ec280000,0x00000000ec400000)
 ParOldGen       total 68608K, used 18967K [0x00000000c0000000, 0x00000000c4300000, 0x00000000eab00000)
  object space 68608K, 27% used [0x00000000c0000000,0x00000000c1285d28,0x00000000c4300000)
 Metaspace       used 34988K, committed 36160K, reserved 1114112K
  class space    used 3550K, committed 4032K, reserved 1048576K
}
Event: 10.007 GC heap after
{Heap after GC invocations=16 (full 2):
 PSYoungGen      total 23040K, used 0K [0x00000000eab00000, 0x00000000ec580000, 0x0000000100000000)
  eden space 22016K, 0% used [0x00000000eab00000,0x00000000eab00000,0x00000000ec080000)
  from space 1024K, 0% used [0x00000000ec480000,0x00000000ec480000,0x00000000ec580000)
  to   space 1536K, 0% used [0x00000000ec280000,0x00000000ec280000,0x00000000ec400000)
 ParOldGen       total 68608K, used 19173K [0x00000000c0000000, 0x00000000c4300000, 0x00000000eab00000)
  object space 68608K, 27% used [0x00000000c0000000,0x00000000c12b9768,0x00000000c4300000)
 Metaspace       used 34988K, committed 36160K, reserved 1114112K
  class space    used 3550K, committed 4032K, reserved 1048576K
}
Event: 10.208 GC heap before
{Heap before GC invocations=17 (full 2):
 PSYoungGen      total 23040K, used 22016K [0x00000000eab00000, 0x00000000ec580000, 0x0000000100000000)
  eden space 22016K, 100% used [0x00000000eab00000,0x00000000ec080000,0x00000000ec080000)
  from space 1024K, 0% used [0x00000000ec480000,0x00000000ec480000,0x00000000ec580000)
  to   space 1536K, 0% used [0x00000000ec280000,0x00000000ec280000,0x00000000ec400000)
 ParOldGen       total 68608K, used 19173K [0x00000000c0000000, 0x00000000c4300000, 0x00000000eab00000)
  object space 68608K, 27% used [0x00000000c0000000,0x00000000c12b9768,0x00000000c4300000)
 Metaspace       used 37037K, committed 38144K, reserved 1114112K
  class space    used 3816K, committed 4288K, reserved 1048576K
}
Event: 10.210 GC heap after
{Heap after GC invocations=17 (full 2):
 PSYoungGen      total 23552K, used 1440K [0x00000000eab00000, 0x00000000ec500000, 0x0000000100000000)
  eden space 22016K, 0% used [0x00000000eab00000,0x00000000eab00000,0x00000000ec080000)
  from space 1536K, 93% used [0x00000000ec280000,0x00000000ec3e8110,0x00000000ec400000)
  to   space 1024K, 0% used [0x00000000ec400000,0x00000000ec400000,0x00000000ec500000)
 ParOldGen       total 68608K, used 19181K [0x00000000c0000000, 0x00000000c4300000, 0x00000000eab00000)
  object space 68608K, 27% used [0x00000000c0000000,0x00000000c12bb768,0x00000000c4300000)
 Metaspace       used 37037K, committed 38144K, reserved 1114112K
  class space    used 3816K, committed 4288K, reserved 1048576K
}
Event: 10.436 GC heap before
{Heap before GC invocations=18 (full 2):
 PSYoungGen      total 23552K, used 23456K [0x00000000eab00000, 0x00000000ec500000, 0x0000000100000000)
  eden space 22016K, 100% used [0x00000000eab00000,0x00000000ec080000,0x00000000ec080000)
  from space 1536K, 93% used [0x00000000ec280000,0x00000000ec3e8110,0x00000000ec400000)
  to   space 1024K, 0% used [0x00000000ec400000,0x00000000ec400000,0x00000000ec500000)
 ParOldGen       total 68608K, used 19181K [0x00000000c0000000, 0x00000000c4300000, 0x00000000eab00000)
  object space 68608K, 27% used [0x00000000c0000000,0x00000000c12bb768,0x00000000c4300000)
 Metaspace       used 38962K, committed 40192K, reserved 1114112K
  class space    used 4026K, committed 4544K, reserved 1048576K
}
Event: 10.440 GC heap after
{Heap after GC invocations=18 (full 2):
 PSYoungGen      total 23040K, used 1024K [0x00000000eab00000, 0x00000000ec680000, 0x0000000100000000)
  eden space 22016K, 0% used [0x00000000eab00000,0x00000000eab00000,0x00000000ec080000)
  from space 1024K, 100% used [0x00000000ec400000,0x00000000ec500000,0x00000000ec500000)
  to   space 3072K, 0% used [0x00000000ec080000,0x00000000ec080000,0x00000000ec380000)
 ParOldGen       total 68608K, used 20810K [0x00000000c0000000, 0x00000000c4300000, 0x00000000eab00000)
  object space 68608K, 30% used [0x00000000c0000000,0x00000000c1452820,0x00000000c4300000)
 Metaspace       used 38962K, committed 40192K, reserved 1114112K
  class space    used 4026K, committed 4544K, reserved 1048576K
}
Event: 10.752 GC heap before
{Heap before GC invocations=19 (full 2):
 PSYoungGen      total 23040K, used 23040K [0x00000000eab00000, 0x00000000ec680000, 0x0000000100000000)
  eden space 22016K, 100% used [0x00000000eab00000,0x00000000ec080000,0x00000000ec080000)
  from space 1024K, 100% used [0x00000000ec400000,0x00000000ec500000,0x00000000ec500000)
  to   space 3072K, 0% used [0x00000000ec080000,0x00000000ec080000,0x00000000ec380000)
 ParOldGen       total 68608K, used 20810K [0x00000000c0000000, 0x00000000c4300000, 0x00000000eab00000)
  object space 68608K, 30% used [0x00000000c0000000,0x00000000c1452820,0x00000000c4300000)
 Metaspace       used 40418K, committed 41664K, reserved 1114112K
  class space    used 4200K, committed 4736K, reserved 1048576K
}
Event: 10.762 GC heap after
{Heap after GC invocations=19 (full 2):
 PSYoungGen      total 25088K, used 3043K [0x00000000eab00000, 0x00000000ed680000, 0x0000000100000000)
  eden space 22016K, 0% used [0x00000000eab00000,0x00000000eab00000,0x00000000ec080000)
  from space 3072K, 99% used [0x00000000ec080000,0x00000000ec378ee0,0x00000000ec380000)
  to   space 11264K, 0% used [0x00000000ecb80000,0x00000000ecb80000,0x00000000ed680000)
 ParOldGen       total 68608K, used 27340K [0x00000000c0000000, 0x00000000c4300000, 0x00000000eab00000)
  object space 68608K, 39% used [0x00000000c0000000,0x00000000c1ab32d8,0x00000000c4300000)
 Metaspace       used 40418K, committed 41664K, reserved 1114112K
  class space    used 4200K, committed 4736K, reserved 1048576K
}
Event: 11.377 GC heap before
{Heap before GC invocations=20 (full 2):
 PSYoungGen      total 25088K, used 25059K [0x00000000eab00000, 0x00000000ed680000, 0x0000000100000000)
  eden space 22016K, 100% used [0x00000000eab00000,0x00000000ec080000,0x00000000ec080000)
  from space 3072K, 99% used [0x00000000ec080000,0x00000000ec378ee0,0x00000000ec380000)
  to   space 11264K, 0% used [0x00000000ecb80000,0x00000000ecb80000,0x00000000ed680000)
 ParOldGen       total 68608K, used 27340K [0x00000000c0000000, 0x00000000c4300000, 0x00000000eab00000)
  object space 68608K, 39% used [0x00000000c0000000,0x00000000c1ab32d8,0x00000000c4300000)
 Metaspace       used 43077K, committed 44352K, reserved 1114112K
  class space    used 4557K, committed 5120K, reserved 1048576K
}
Event: 11.381 GC heap after
{Heap after GC invocations=20 (full 2):
 PSYoungGen      total 24064K, used 1696K [0x00000000eab00000, 0x00000000ecd80000, 0x0000000100000000)
  eden space 22016K, 0% used [0x00000000eab00000,0x00000000eab00000,0x00000000ec080000)
  from space 2048K, 82% used [0x00000000ecb80000,0x00000000ecd28000,0x00000000ecd80000)
  to   space 4608K, 0% used [0x00000000ec480000,0x00000000ec480000,0x00000000ec900000)
 ParOldGen       total 68608K, used 30376K [0x00000000c0000000, 0x00000000c4300000, 0x00000000eab00000)
  object space 68608K, 44% used [0x00000000c0000000,0x00000000c1daa1f0,0x00000000c4300000)
 Metaspace       used 43077K, committed 44352K, reserved 1114112K
  class space    used 4557K, committed 5120K, reserved 1048576K
}
Event: 13.446 GC heap before
{Heap before GC invocations=21 (full 2):
 PSYoungGen      total 24064K, used 23712K [0x00000000eab00000, 0x00000000ecd80000, 0x0000000100000000)
  eden space 22016K, 100% used [0x00000000eab00000,0x00000000ec080000,0x00000000ec080000)
  from space 2048K, 82% used [0x00000000ecb80000,0x00000000ecd28000,0x00000000ecd80000)
  to   space 4608K, 0% used [0x00000000ec480000,0x00000000ec480000,0x00000000ec900000)
 ParOldGen       total 68608K, used 30376K [0x00000000c0000000, 0x00000000c4300000, 0x00000000eab00000)
  object space 68608K, 44% used [0x00000000c0000000,0x00000000c1daa1f0,0x00000000c4300000)
 Metaspace       used 45799K, committed 47104K, reserved 1114112K
  class space    used 4877K, committed 5440K, reserved 1048576K
}
Event: 13.451 GC heap after
{Heap after GC invocations=21 (full 2):
 PSYoungGen      total 26624K, used 1641K [0x00000000eab00000, 0x00000000ecc00000, 0x0000000100000000)
  eden space 22016K, 0% used [0x00000000eab00000,0x00000000eab00000,0x00000000ec080000)
  from space 4608K, 35% used [0x00000000ec480000,0x00000000ec61a5a0,0x00000000ec900000)
  to   space 2560K, 0% used [0x00000000ec980000,0x00000000ec980000,0x00000000ecc00000)
 ParOldGen       total 68608K, used 31852K [0x00000000c0000000, 0x00000000c4300000, 0x00000000eab00000)
  object space 68608K, 46% used [0x00000000c0000000,0x00000000c1f1b200,0x00000000c4300000)
 Metaspace       used 45799K, committed 47104K, reserved 1114112K
  class space    used 4877K, committed 5440K, reserved 1048576K
}
Event: 14.561 GC heap before
{Heap before GC invocations=22 (full 2):
 PSYoungGen      total 26624K, used 23657K [0x00000000eab00000, 0x00000000ecc00000, 0x0000000100000000)
  eden space 22016K, 100% used [0x00000000eab00000,0x00000000ec080000,0x00000000ec080000)
  from space 4608K, 35% used [0x00000000ec480000,0x00000000ec61a5a0,0x00000000ec900000)
  to   space 2560K, 0% used [0x00000000ec980000,0x00000000ec980000,0x00000000ecc00000)
 ParOldGen       total 68608K, used 31852K [0x00000000c0000000, 0x00000000c4300000, 0x00000000eab00000)
  object space 68608K, 46% used [0x00000000c0000000,0x00000000c1f1b200,0x00000000c4300000)
 Metaspace       used 46111K, committed 47360K, reserved 1114112K
  class space    used 4896K, committed 5440K, reserved 1048576K
}
Event: 14.563 GC heap after
{Heap after GC invocations=22 (full 2):
 PSYoungGen      total 22528K, used 288K [0x00000000eab00000, 0x00000000eca00000, 0x0000000100000000)
  eden space 22016K, 0% used [0x00000000eab00000,0x00000000eab00000,0x00000000ec080000)
  from space 512K, 56% used [0x00000000ec980000,0x00000000ec9c8000,0x00000000eca00000)
  to   space 1024K, 0% used [0x00000000ec800000,0x00000000ec800000,0x00000000ec900000)
 ParOldGen       total 68608K, used 33329K [0x00000000c0000000, 0x00000000c4300000, 0x00000000eab00000)
  object space 68608K, 48% used [0x00000000c0000000,0x00000000c208c640,0x00000000c4300000)
 Metaspace       used 46111K, committed 47360K, reserved 1114112K
  class space    used 4896K, committed 5440K, reserved 1048576K
}
Event: 14.943 GC heap before
{Heap before GC invocations=23 (full 2):
 PSYoungGen      total 22528K, used 22304K [0x00000000eab00000, 0x00000000eca00000, 0x0000000100000000)
  eden space 22016K, 100% used [0x00000000eab00000,0x00000000ec080000,0x00000000ec080000)
  from space 512K, 56% used [0x00000000ec980000,0x00000000ec9c8000,0x00000000eca00000)
  to   space 1024K, 0% used [0x00000000ec800000,0x00000000ec800000,0x00000000ec900000)
 ParOldGen       total 68608K, used 33329K [0x00000000c0000000, 0x00000000c4300000, 0x00000000eab00000)
  object space 68608K, 48% used [0x00000000c0000000,0x00000000c208c640,0x00000000c4300000)
 Metaspace       used 46465K, committed 47680K, reserved 1114112K
  class space    used 4930K, committed 5440K, reserved 1048576K
}
Event: 14.945 GC heap after
{Heap after GC invocations=23 (full 2):
 PSYoungGen      total 23040K, used 832K [0x00000000eab00000, 0x00000000eca00000, 0x0000000100000000)
  eden space 22016K, 0% used [0x00000000eab00000,0x00000000eab00000,0x00000000ec080000)
  from space 1024K, 81% used [0x00000000ec800000,0x00000000ec8d0000,0x00000000ec900000)
  to   space 1024K, 0% used [0x00000000ec900000,0x00000000ec900000,0x00000000eca00000)
 ParOldGen       total 68608K, used 33401K [0x00000000c0000000, 0x00000000c4300000, 0x00000000eab00000)
  object space 68608K, 48% used [0x00000000c0000000,0x00000000c209e640,0x00000000c4300000)
 Metaspace       used 46465K, committed 47680K, reserved 1114112K
  class space    used 4930K, committed 5440K, reserved 1048576K
}

