# JRE version: OpenJDK Runtime Environment Temurin-21.0.5+11 (21.0.5+11) (build 21.0.5+11-LTS)
# Java VM: OpenJDK 64-Bit Server VM Temurin-21.0.5+11 (21.0.5+11-LTS, mixed mode, sharing, tiered, compressed oops, compressed class ptrs, parallel gc, windows-amd64)
GC Precious Log:
 CardTable entry size: 512
 CPUs: 12 total, 12 available
 Memory: 3423M
 Large Page Support: Disabled
 NUMA Support: Disabled
 Compressed Oops: Enabled (32-bit)
 Alignments: Space 512K, Generation 512K, Heap 2M
 Heap Min Capacity: 100M
 Heap Initial Capacity: 100M
 Heap Max Capacity: 1G
 Pre-touch: Disabled
 Parallel Workers: 10
Heap:
 PSYoungGen      total 24064K, used 7905K [0x00000000eab00000, 0x00000000ecc00000, 0x0000000100000000)
  eden space 22016K, 28% used [0x00000000eab00000,0x00000000eb118570,0x00000000ec080000)
  from space 2048K, 81% used [0x00000000eca00000,0x00000000ecba0000,0x00000000ecc00000)
  to   space 2048K, 0% used [0x00000000ec800000,0x00000000ec800000,0x00000000eca00000)
 ParOldGen       total 68608K, used 31296K [0x00000000c0000000, 0x00000000c4300000, 0x00000000eab00000)
  object space 68608K, 45% used [0x00000000c0000000,0x00000000c1e90360,0x00000000c4300000)
 Metaspace       used 45968K, committed 47232K, reserved 1114112K
  class space    used 4895K, committed 5440K, reserved 1048576K
GC Heap History (20 events):
Event: 14.330 GC heap before
{Heap before GC invocations=11 (full 1):
 PSYoungGen      total 25600K, used 25598K [0x00000000eab00000, 0x00000000ec900000, 0x0000000100000000)
  eden space 23552K, 100% used [0x00000000eab00000,0x00000000ec200000,0x00000000ec200000)
  from space 2048K, 99% used [0x00000000ec480000,0x00000000ec67f818,0x00000000ec680000)
  to   space 2560K, 0% used [0x00000000ec680000,0x00000000ec680000,0x00000000ec900000)
 ParOldGen       total 68608K, used 13652K [0x00000000c0000000, 0x00000000c4300000, 0x00000000eab00000)
  object space 68608K, 19% used [0x00000000c0000000,0x00000000c0d553b8,0x00000000c4300000)
 Metaspace       used 28336K, committed 29248K, reserved 1114112K
  class space    used 2689K, committed 3072K, reserved 1048576K
}
Event: 14.333 GC heap after
{Heap after GC invocations=11 (full 1):
 PSYoungGen      total 25600K, used 2354K [0x00000000eab00000, 0x00000000ec900000, 0x0000000100000000)
  eden space 23040K, 0% used [0x00000000eab00000,0x00000000eab00000,0x00000000ec180000)
  from space 2560K, 91% used [0x00000000ec680000,0x00000000ec8cc9b0,0x00000000ec900000)
  to   space 2560K, 0% used [0x00000000ec400000,0x00000000ec400000,0x00000000ec680000)
 ParOldGen       total 68608K, used 14385K [0x00000000c0000000, 0x00000000c4300000, 0x00000000eab00000)
  object space 68608K, 20% used [0x00000000c0000000,0x00000000c0e0c738,0x00000000c4300000)
 Metaspace       used 28336K, committed 29248K, reserved 1114112K
  class space    used 2689K, committed 3072K, reserved 1048576K
}
Event: 14.649 GC heap before
{Heap before GC invocations=12 (full 1):
 PSYoungGen      total 25600K, used 25382K [0x00000000eab00000, 0x00000000ec900000, 0x0000000100000000)
  eden space 23040K, 99% used [0x00000000eab00000,0x00000000ec17cf38,0x00000000ec180000)
  from space 2560K, 91% used [0x00000000ec680000,0x00000000ec8cc9b0,0x00000000ec900000)
  to   space 2560K, 0% used [0x00000000ec400000,0x00000000ec400000,0x00000000ec680000)
 ParOldGen       total 68608K, used 14385K [0x00000000c0000000, 0x00000000c4300000, 0x00000000eab00000)
  object space 68608K, 20% used [0x00000000c0000000,0x00000000c0e0c738,0x00000000c4300000)
 Metaspace       used 31545K, committed 32768K, reserved 1114112K
  class space    used 3070K, committed 3584K, reserved 1048576K
}
Event: 14.653 GC heap after
{Heap after GC invocations=12 (full 1):
 PSYoungGen      total 24576K, used 1564K [0x00000000eab00000, 0x00000000ec700000, 0x0000000100000000)
  eden space 22528K, 0% used [0x00000000eab00000,0x00000000eab00000,0x00000000ec100000)
  from space 2048K, 76% used [0x00000000ec400000,0x00000000ec587370,0x00000000ec600000)
  to   space 1024K, 0% used [0x00000000ec600000,0x00000000ec600000,0x00000000ec700000)
 ParOldGen       total 68608K, used 16517K [0x00000000c0000000, 0x00000000c4300000, 0x00000000eab00000)
  object space 68608K, 24% used [0x00000000c0000000,0x00000000c10214e8,0x00000000c4300000)
 Metaspace       used 31545K, committed 32768K, reserved 1114112K
  class space    used 3070K, committed 3584K, reserved 1048576K
}
Event: 14.828 GC heap before
{Heap before GC invocations=13 (full 1):
 PSYoungGen      total 24576K, used 24092K [0x00000000eab00000, 0x00000000ec700000, 0x0000000100000000)
  eden space 22528K, 100% used [0x00000000eab00000,0x00000000ec100000,0x00000000ec100000)
  from space 2048K, 76% used [0x00000000ec400000,0x00000000ec587370,0x00000000ec600000)
  to   space 1024K, 0% used [0x00000000ec600000,0x00000000ec600000,0x00000000ec700000)
 ParOldGen       total 68608K, used 16517K [0x00000000c0000000, 0x00000000c4300000, 0x00000000eab00000)
  object space 68608K, 24% used [0x00000000c0000000,0x00000000c10214e8,0x00000000c4300000)
 Metaspace       used 34361K, committed 35456K, reserved 1114112K
  class space    used 3421K, committed 3904K, reserved 1048576K
}
Event: 14.833 GC heap after
{Heap after GC invocations=13 (full 1):
 PSYoungGen      total 23040K, used 994K [0x00000000eab00000, 0x00000000ec780000, 0x0000000100000000)
  eden space 22016K, 0% used [0x00000000eab00000,0x00000000eab00000,0x00000000ec080000)
  from space 1024K, 97% used [0x00000000ec600000,0x00000000ec6f8ab8,0x00000000ec700000)
  to   space 3584K, 0% used [0x00000000ec080000,0x00000000ec080000,0x00000000ec400000)
 ParOldGen       total 68608K, used 18386K [0x00000000c0000000, 0x00000000c4300000, 0x00000000eab00000)
  object space 68608K, 26% used [0x00000000c0000000,0x00000000c11f49f0,0x00000000c4300000)
 Metaspace       used 34361K, committed 35456K, reserved 1114112K
  class space    used 3421K, committed 3904K, reserved 1048576K
}
Event: 14.844 GC heap before
{Heap before GC invocations=14 (full 1):
 PSYoungGen      total 23040K, used 3241K [0x00000000eab00000, 0x00000000ec780000, 0x0000000100000000)
  eden space 22016K, 10% used [0x00000000eab00000,0x00000000ead31990,0x00000000ec080000)
  from space 1024K, 97% used [0x00000000ec600000,0x00000000ec6f8ab8,0x00000000ec700000)
  to   space 3584K, 0% used [0x00000000ec080000,0x00000000ec080000,0x00000000ec400000)
 ParOldGen       total 68608K, used 18386K [0x00000000c0000000, 0x00000000c4300000, 0x00000000eab00000)
  object space 68608K, 26% used [0x00000000c0000000,0x00000000c11f49f0,0x00000000c4300000)
 Metaspace       used 34730K, committed 35840K, reserved 1114112K
  class space    used 3462K, committed 3968K, reserved 1048576K
}
Event: 14.846 GC heap after
{Heap after GC invocations=14 (full 1):
 PSYoungGen      total 25600K, used 325K [0x00000000eab00000, 0x00000000ec680000, 0x0000000100000000)
  eden space 22016K, 0% used [0x00000000eab00000,0x00000000eab00000,0x00000000ec080000)
  from space 3584K, 9% used [0x00000000ec080000,0x00000000ec0d16f8,0x00000000ec400000)
  to   space 1536K, 0% used [0x00000000ec500000,0x00000000ec500000,0x00000000ec680000)
 ParOldGen       total 68608K, used 19150K [0x00000000c0000000, 0x00000000c4300000, 0x00000000eab00000)
  object space 68608K, 27% used [0x00000000c0000000,0x00000000c12b3b00,0x00000000c4300000)
 Metaspace       used 34730K, committed 35840K, reserved 1114112K
  class space    used 3462K, committed 3968K, reserved 1048576K
}
Event: 14.846 GC heap before
{Heap before GC invocations=15 (full 2):
 PSYoungGen      total 25600K, used 325K [0x00000000eab00000, 0x00000000ec680000, 0x0000000100000000)
  eden space 22016K, 0% used [0x00000000eab00000,0x00000000eab00000,0x00000000ec080000)
  from space 3584K, 9% used [0x00000000ec080000,0x00000000ec0d16f8,0x00000000ec400000)
  to   space 1536K, 0% used [0x00000000ec500000,0x00000000ec500000,0x00000000ec680000)
 ParOldGen       total 68608K, used 19150K [0x00000000c0000000, 0x00000000c4300000, 0x00000000eab00000)
  object space 68608K, 27% used [0x00000000c0000000,0x00000000c12b3b00,0x00000000c4300000)
 Metaspace       used 34730K, committed 35840K, reserved 1114112K
  class space    used 3462K, committed 3968K, reserved 1048576K
}
Event: 14.882 GC heap after
{Heap after GC invocations=15 (full 2):
 PSYoungGen      total 25600K, used 0K [0x00000000eab00000, 0x00000000ec680000, 0x0000000100000000)
  eden space 22016K, 0% used [0x00000000eab00000,0x00000000eab00000,0x00000000ec080000)
  from space 3584K, 0% used [0x00000000ec080000,0x00000000ec080000,0x00000000ec400000)
  to   space 1536K, 0% used [0x00000000ec500000,0x00000000ec500000,0x00000000ec680000)
 ParOldGen       total 68608K, used 18585K [0x00000000c0000000, 0x00000000c4300000, 0x00000000eab00000)
  object space 68608K, 27% used [0x00000000c0000000,0x00000000c1226458,0x00000000c4300000)
 Metaspace       used 34730K, committed 35840K, reserved 1114112K
  class space    used 3462K, committed 3968K, reserved 1048576K
}
Event: 15.051 GC heap before
{Heap before GC invocations=16 (full 2):
 PSYoungGen      total 25600K, used 22016K [0x00000000eab00000, 0x00000000ec680000, 0x0000000100000000)
  eden space 22016K, 100% used [0x00000000eab00000,0x00000000ec080000,0x00000000ec080000)
  from space 3584K, 0% used [0x00000000ec080000,0x00000000ec080000,0x00000000ec400000)
  to   space 1536K, 0% used [0x00000000ec500000,0x00000000ec500000,0x00000000ec680000)
 ParOldGen       total 68608K, used 18585K [0x00000000c0000000, 0x00000000c4300000, 0x00000000eab00000)
  object space 68608K, 27% used [0x00000000c0000000,0x00000000c1226458,0x00000000c4300000)
 Metaspace       used 37152K, committed 38272K, reserved 1114112K
  class space    used 3780K, committed 4288K, reserved 1048576K
}
Event: 15.052 GC heap after
{Heap after GC invocations=16 (full 2):
 PSYoungGen      total 23552K, used 1518K [0x00000000eab00000, 0x00000000ec680000, 0x0000000100000000)
  eden space 22016K, 0% used [0x00000000eab00000,0x00000000eab00000,0x00000000ec080000)
  from space 1536K, 98% used [0x00000000ec500000,0x00000000ec67b818,0x00000000ec680000)
  to   space 3072K, 0% used [0x00000000ec080000,0x00000000ec080000,0x00000000ec380000)
 ParOldGen       total 68608K, used 19493K [0x00000000c0000000, 0x00000000c4300000, 0x00000000eab00000)
  object space 68608K, 28% used [0x00000000c0000000,0x00000000c1309478,0x00000000c4300000)
 Metaspace       used 37152K, committed 38272K, reserved 1114112K
  class space    used 3780K, committed 4288K, reserved 1048576K
}
Event: 15.178 GC heap before
{Heap before GC invocations=17 (full 2):
 PSYoungGen      total 23552K, used 23534K [0x00000000eab00000, 0x00000000ec680000, 0x0000000100000000)
  eden space 22016K, 100% used [0x00000000eab00000,0x00000000ec080000,0x00000000ec080000)
  from space 1536K, 98% used [0x00000000ec500000,0x00000000ec67b818,0x00000000ec680000)
  to   space 3072K, 0% used [0x00000000ec080000,0x00000000ec080000,0x00000000ec380000)
 ParOldGen       total 68608K, used 19493K [0x00000000c0000000, 0x00000000c4300000, 0x00000000eab00000)
  object space 68608K, 28% used [0x00000000c0000000,0x00000000c1309478,0x00000000c4300000)
 Metaspace       used 37929K, committed 39104K, reserved 1114112K
  class space    used 3888K, committed 4416K, reserved 1048576K
}
Event: 15.185 GC heap after
{Heap after GC invocations=17 (full 2):
 PSYoungGen      total 25088K, used 3056K [0x00000000eab00000, 0x00000000ed680000, 0x0000000100000000)
  eden space 22016K, 0% used [0x00000000eab00000,0x00000000eab00000,0x00000000ec080000)
  from space 3072K, 99% used [0x00000000ec080000,0x00000000ec37c010,0x00000000ec380000)
  to   space 11264K, 0% used [0x00000000ecb80000,0x00000000ecb80000,0x00000000ed680000)
 ParOldGen       total 68608K, used 26306K [0x00000000c0000000, 0x00000000c4300000, 0x00000000eab00000)
  object space 68608K, 38% used [0x00000000c0000000,0x00000000c19b0a48,0x00000000c4300000)
 Metaspace       used 37929K, committed 39104K, reserved 1114112K
  class space    used 3888K, committed 4416K, reserved 1048576K
}
Event: 15.364 GC heap before
{Heap before GC invocations=18 (full 2):
 PSYoungGen      total 25088K, used 25072K [0x00000000eab00000, 0x00000000ed680000, 0x0000000100000000)
  eden space 22016K, 100% used [0x00000000eab00000,0x00000000ec080000,0x00000000ec080000)
  from space 3072K, 99% used [0x00000000ec080000,0x00000000ec37c010,0x00000000ec380000)
  to   space 11264K, 0% used [0x00000000ecb80000,0x00000000ecb80000,0x00000000ed680000)
 ParOldGen       total 68608K, used 26306K [0x00000000c0000000, 0x00000000c4300000, 0x00000000eab00000)
  object space 68608K, 38% used [0x00000000c0000000,0x00000000c19b0a48,0x00000000c4300000)
 Metaspace       used 40015K, committed 41216K, reserved 1114112K
  class space    used 4148K, committed 4672K, reserved 1048576K
}
Event: 15.368 GC heap after
{Heap after GC invocations=18 (full 2):
 PSYoungGen      total 23552K, used 1088K [0x00000000eab00000, 0x00000000ecd00000, 0x0000000100000000)
  eden space 22016K, 0% used [0x00000000eab00000,0x00000000eab00000,0x00000000ec080000)
  from space 1536K, 70% used [0x00000000ecb80000,0x00000000ecc90000,0x00000000ecd00000)
  to   space 4608K, 0% used [0x00000000ec400000,0x00000000ec400000,0x00000000ec880000)
 ParOldGen       total 68608K, used 29361K [0x00000000c0000000, 0x00000000c4300000, 0x00000000eab00000)
  object space 68608K, 42% used [0x00000000c0000000,0x00000000c1cac440,0x00000000c4300000)
 Metaspace       used 40015K, committed 41216K, reserved 1114112K
  class space    used 4148K, committed 4672K, reserved 1048576K
}
Event: 15.661 GC heap before
{Heap before GC invocations=19 (full 2):
 PSYoungGen      total 23552K, used 23104K [0x00000000eab00000, 0x00000000ecd00000, 0x0000000100000000)
  eden space 22016K, 100% used [0x00000000eab00000,0x00000000ec080000,0x00000000ec080000)
  from space 1536K, 70% used [0x00000000ecb80000,0x00000000ecc90000,0x00000000ecd00000)
  to   space 4608K, 0% used [0x00000000ec400000,0x00000000ec400000,0x00000000ec880000)
 ParOldGen       total 68608K, used 29361K [0x00000000c0000000, 0x00000000c4300000, 0x00000000eab00000)
  object space 68608K, 42% used [0x00000000c0000000,0x00000000c1cac440,0x00000000c4300000)
 Metaspace       used 42705K, committed 43968K, reserved 1114112K
  class space    used 4485K, committed 5056K, reserved 1048576K
}
Event: 15.663 GC heap after
{Heap after GC invocations=19 (full 2):
 PSYoungGen      total 26624K, used 1248K [0x00000000eab00000, 0x00000000ecc00000, 0x0000000100000000)
  eden space 22016K, 0% used [0x00000000eab00000,0x00000000eab00000,0x00000000ec080000)
  from space 4608K, 27% used [0x00000000ec400000,0x00000000ec538000,0x00000000ec880000)
  to   space 2048K, 0% used [0x00000000eca00000,0x00000000eca00000,0x00000000ecc00000)
 ParOldGen       total 68608K, used 30285K [0x00000000c0000000, 0x00000000c4300000, 0x00000000eab00000)
  object space 68608K, 44% used [0x00000000c0000000,0x00000000c1d93650,0x00000000c4300000)
 Metaspace       used 42705K, committed 43968K, reserved 1114112K
  class space    used 4485K, committed 5056K, reserved 1048576K
}
Event: 16.051 GC heap before
{Heap before GC invocations=20 (full 2):
 PSYoungGen      total 26624K, used 23264K [0x00000000eab00000, 0x00000000ecc00000, 0x0000000100000000)
  eden space 22016K, 100% used [0x00000000eab00000,0x00000000ec080000,0x00000000ec080000)
  from space 4608K, 27% used [0x00000000ec400000,0x00000000ec538000,0x00000000ec880000)
  to   space 2048K, 0% used [0x00000000eca00000,0x00000000eca00000,0x00000000ecc00000)
 ParOldGen       total 68608K, used 30285K [0x00000000c0000000, 0x00000000c4300000, 0x00000000eab00000)
  object space 68608K, 44% used [0x00000000c0000000,0x00000000c1d93650,0x00000000c4300000)
 Metaspace       used 45236K, committed 46464K, reserved 1114112K
  class space    used 4823K, committed 5376K, reserved 1048576K
}
Event: 16.056 GC heap after
{Heap after GC invocations=20 (full 2):
 PSYoungGen      total 24064K, used 1664K [0x00000000eab00000, 0x00000000ecc00000, 0x0000000100000000)
  eden space 22016K, 0% used [0x00000000eab00000,0x00000000eab00000,0x00000000ec080000)
  from space 2048K, 81% used [0x00000000eca00000,0x00000000ecba0000,0x00000000ecc00000)
  to   space 2048K, 0% used [0x00000000ec800000,0x00000000ec800000,0x00000000eca00000)
 ParOldGen       total 68608K, used 31296K [0x00000000c0000000, 0x00000000c4300000, 0x00000000eab00000)
  object space 68608K, 45% used [0x00000000c0000000,0x00000000c1e90360,0x00000000c4300000)
 Metaspace       used 45236K, committed 46464K, reserved 1114112K
  class space    used 4823K, committed 5376K, reserved 1048576K
}

