# JRE version: Java(TM) SE Runtime Environment (22.0.2+9) (build 22.0.2+9-70)
# Java VM: Java HotSpot(TM) 64-Bit Server VM (22.0.2+9-70, mixed mode, sharing, tiered, compressed oops, compressed class ptrs, g1 gc, windows-amd64)
GC Precious Log:
 CardTable entry size: 512
 Card Set container configuration: InlinePtr #cards 5 size 8 Array Of Cards #cards 12 size 40 Howl #buckets 4 coarsen threshold 1843 Howl Bitmap #cards 512 size 80 coarsen threshold 460 Card regions per heap region 1 cards per card region 2048
 CPUs: 12 total, 12 available
 Memory: 3423M
 Large Page Support: Disabled
 NUMA Support: Disabled
 Compressed Oops: Enabled (32-bit)
 Heap Region Size: 1M
 Heap Min Capacity: 8M
 Heap Initial Capacity: 54M
 Heap Max Capacity: 856M
 Pre-touch: Disabled
 Parallel Workers: 10
 Concurrent Workers: 3
 Concurrent Refinement Workers: 10
 Periodic GC: Disabled
Heap:
 garbage-first heap   total reserved 876544K, committed 138240K, used 76638K [0x00000000ca800000, 0x0000000100000000)
  region size 1024K, 23 young (23552K), 1 survivors (1024K)
 Metaspace       used 34253K, committed 34752K, reserved 1114112K
  class space    used 3932K, committed 4160K, reserved 1048576K
GC Heap History (20 events):
Event: 4.861 GC heap before
{Heap before GC invocations=9 (full 0):
 garbage-first heap   total reserved 876544K, committed 83968K, used 70020K [0x00000000ca800000, 0x0000000100000000)
  region size 1024K, 49 young (50176K), 3 survivors (3072K)
 Metaspace       used 26029K, committed 26368K, reserved 1114112K
  class space    used 3058K, committed 3200K, reserved 1048576K
}
Event: 4.884 GC heap after
{Heap after GC invocations=10 (full 0):
 garbage-first heap   total reserved 876544K, committed 91136K, used 39936K [0x00000000ca800000, 0x0000000100000000)
  region size 1024K, 7 young (7168K), 7 survivors (7168K)
 Metaspace       used 26029K, committed 26368K, reserved 1114112K
  class space    used 3058K, committed 3200K, reserved 1048576K
}
Event: 5.542 GC heap before
{Heap before GC invocations=10 (full 0):
 garbage-first heap   total reserved 876544K, committed 91136K, used 71680K [0x00000000ca800000, 0x0000000100000000)
  region size 1024K, 39 young (39936K), 7 survivors (7168K)
 Metaspace       used 27590K, committed 27968K, reserved 1114112K
  class space    used 3216K, committed 3392K, reserved 1048576K
}
Event: 5.559 GC heap after
{Heap after GC invocations=11 (full 0):
 garbage-first heap   total reserved 876544K, committed 91136K, used 43520K [0x00000000ca800000, 0x0000000100000000)
  region size 1024K, 3 young (3072K), 3 survivors (3072K)
 Metaspace       used 27590K, committed 27968K, reserved 1114112K
  class space    used 3216K, committed 3392K, reserved 1048576K
}
Event: 5.787 GC heap before
{Heap before GC invocations=11 (full 0):
 garbage-first heap   total reserved 876544K, committed 91136K, used 64000K [0x00000000ca800000, 0x0000000100000000)
  region size 1024K, 24 young (24576K), 3 survivors (3072K)
 Metaspace       used 28618K, committed 29056K, reserved 1114112K
  class space    used 3353K, committed 3520K, reserved 1048576K
}
Event: 5.795 GC heap after
{Heap after GC invocations=12 (full 0):
 garbage-first heap   total reserved 876544K, committed 91136K, used 44544K [0x00000000ca800000, 0x0000000100000000)
  region size 1024K, 1 young (1024K), 1 survivors (1024K)
 Metaspace       used 28618K, committed 29056K, reserved 1114112K
  class space    used 3353K, committed 3520K, reserved 1048576K
}
Event: 6.169 GC heap before
{Heap before GC invocations=13 (full 0):
 garbage-first heap   total reserved 876544K, committed 91136K, used 78336K [0x00000000ca800000, 0x0000000100000000)
  region size 1024K, 34 young (34816K), 1 survivors (1024K)
 Metaspace       used 29132K, committed 29568K, reserved 1114112K
  class space    used 3387K, committed 3584K, reserved 1048576K
}
Event: 6.178 GC heap after
{Heap after GC invocations=14 (full 0):
 garbage-first heap   total reserved 876544K, committed 91136K, used 46353K [0x00000000ca800000, 0x0000000100000000)
  region size 1024K, 3 young (3072K), 3 survivors (3072K)
 Metaspace       used 29132K, committed 29568K, reserved 1114112K
  class space    used 3387K, committed 3584K, reserved 1048576K
}
Event: 6.369 GC heap before
{Heap before GC invocations=14 (full 0):
 garbage-first heap   total reserved 876544K, committed 91136K, used 80145K [0x00000000ca800000, 0x0000000100000000)
  region size 1024K, 36 young (36864K), 3 survivors (3072K)
 Metaspace       used 29340K, committed 29824K, reserved 1114112K
  class space    used 3392K, committed 3584K, reserved 1048576K
}
Event: 6.379 GC heap after
{Heap after GC invocations=15 (full 0):
 garbage-first heap   total reserved 876544K, committed 109568K, used 44683K [0x00000000ca800000, 0x0000000100000000)
  region size 1024K, 3 young (3072K), 3 survivors (3072K)
 Metaspace       used 29340K, committed 29824K, reserved 1114112K
  class space    used 3392K, committed 3584K, reserved 1048576K
}
Event: 6.945 GC heap before
{Heap before GC invocations=15 (full 0):
 garbage-first heap   total reserved 876544K, committed 109568K, used 90763K [0x00000000ca800000, 0x0000000100000000)
  region size 1024K, 48 young (49152K), 3 survivors (3072K)
 Metaspace       used 31018K, committed 31552K, reserved 1114112K
  class space    used 3611K, committed 3840K, reserved 1048576K
}
Event: 6.957 GC heap after
{Heap after GC invocations=16 (full 0):
 garbage-first heap   total reserved 876544K, committed 109568K, used 45852K [0x00000000ca800000, 0x0000000100000000)
  region size 1024K, 4 young (4096K), 4 survivors (4096K)
 Metaspace       used 31018K, committed 31552K, reserved 1114112K
  class space    used 3611K, committed 3840K, reserved 1048576K
}
Event: 7.733 GC heap before
{Heap before GC invocations=16 (full 0):
 garbage-first heap   total reserved 876544K, committed 109568K, used 96028K [0x00000000ca800000, 0x0000000100000000)
  region size 1024K, 50 young (51200K), 4 survivors (4096K)
 Metaspace       used 31706K, committed 32192K, reserved 1114112K
  class space    used 3652K, committed 3904K, reserved 1048576K
}
Event: 7.778 GC heap after
{Heap after GC invocations=17 (full 0):
 garbage-first heap   total reserved 876544K, committed 110592K, used 58105K [0x00000000ca800000, 0x0000000100000000)
  region size 1024K, 7 young (7168K), 7 survivors (7168K)
 Metaspace       used 31706K, committed 32192K, reserved 1114112K
  class space    used 3652K, committed 3904K, reserved 1048576K
}
Event: 7.833 GC heap before
{Heap before GC invocations=17 (full 0):
 garbage-first heap   total reserved 876544K, committed 110592K, used 62201K [0x00000000ca800000, 0x0000000100000000)
  region size 1024K, 12 young (12288K), 7 survivors (7168K)
 Metaspace       used 31707K, committed 32192K, reserved 1114112K
  class space    used 3652K, committed 3904K, reserved 1048576K
}
Event: 7.854 GC heap after
{Heap after GC invocations=18 (full 0):
 garbage-first heap   total reserved 876544K, committed 110592K, used 60416K [0x00000000ca800000, 0x0000000100000000)
  region size 1024K, 2 young (2048K), 2 survivors (2048K)
 Metaspace       used 31707K, committed 32192K, reserved 1114112K
  class space    used 3652K, committed 3904K, reserved 1048576K
}
Event: 8.389 GC heap before
{Heap before GC invocations=19 (full 0):
 garbage-first heap   total reserved 876544K, committed 110592K, used 86016K [0x00000000ca800000, 0x0000000100000000)
  region size 1024K, 29 young (29696K), 2 survivors (2048K)
 Metaspace       used 32272K, committed 32768K, reserved 1114112K
  class space    used 3726K, committed 3968K, reserved 1048576K
}
Event: 8.405 GC heap after
{Heap after GC invocations=20 (full 0):
 garbage-first heap   total reserved 876544K, committed 110592K, used 64000K [0x00000000ca800000, 0x0000000100000000)
  region size 1024K, 4 young (4096K), 4 survivors (4096K)
 Metaspace       used 32272K, committed 32768K, reserved 1114112K
  class space    used 3726K, committed 3968K, reserved 1048576K
}
Event: 9.127 GC heap before
{Heap before GC invocations=20 (full 0):
 garbage-first heap   total reserved 876544K, committed 110592K, used 89600K [0x00000000ca800000, 0x0000000100000000)
  region size 1024K, 30 young (30720K), 4 survivors (4096K)
 Metaspace       used 33172K, committed 33728K, reserved 1114112K
  class space    used 3815K, committed 4096K, reserved 1048576K
}
Event: 9.144 GC heap after
{Heap after GC invocations=21 (full 0):
 garbage-first heap   total reserved 876544K, committed 138240K, used 55134K [0x00000000ca800000, 0x0000000100000000)
  region size 1024K, 1 young (1024K), 1 survivors (1024K)
 Metaspace       used 33172K, committed 33728K, reserved 1114112K
  class space    used 3815K, committed 4096K, reserved 1048576K
}

